<?xml version="1.0" encoding="UTF-8"?>
<!-- Generated by org.testng.reporters.JUnitReportReporter -->
<testsuite hostname="DESKTOP-LFJBNIK" failures="0" tests="2" name="MyStoreTest.RegistrationTest" time="10.001" errors="0" timestamp="2020-04-11T20:19:34 CEST" skipped="0">
  <testcase classname="MyStoreTest.RegistrationTest" name="testRegLink" time="4.167"/>
  <system-out/>
  <testcase classname="MyStoreTest.RegistrationTest" name="fillTheRegisterForm" time="5.834"/>
  <system-out/>
</testsuite> <!-- MyStoreTest.RegistrationTest -->
