<?xml version="1.0" encoding="UTF-8"?>
<!-- Generated by org.testng.reporters.JUnitReportReporter -->
<testsuite hostname="DESKTOP-LFJBNIK" failures="0" tests="3" name="MyStoreTest.TestHomePage" time="7.553" errors="0" timestamp="2020-04-09T23:28:44 CEST" skipped="0">
  <testcase classname="MyStoreTest.TestHomePage" name="testDoesLinksEquals" time="0.014"/>
  <system-out/>
  <testcase classname="MyStoreTest.TestHomePage" name="testWomanLink" time="5.913"/>
  <system-out/>
  <testcase classname="MyStoreTest.TestHomePage" name="testDressesLink" time="1.626"/>
  <system-out/>
</testsuite> <!-- MyStoreTest.TestHomePage -->
