<?xml version="1.0" encoding="UTF-8"?>
<!-- Generated by org.testng.reporters.JUnitReportReporter -->
<testsuite hostname="DESKTOP-LFJBNIK" failures="0" tests="3" name="MyStoreTest.TestShopingCart" time="16.092" errors="0" timestamp="2020-04-10T23:31:01 CEST" skipped="0">
  <testcase classname="MyStoreTest.TestShopingCart" name="testSummerDressLink" time="9.964"/>
  <system-out/>
  <testcase classname="MyStoreTest.TestShopingCart" name="addToCart" time="2.073"/>
  <system-out/>
  <testcase classname="MyStoreTest.TestShopingCart" name="checkingShopingCart" time="4.055"/>
  <system-out/>
</testsuite> <!-- MyStoreTest.TestShopingCart -->
