<?xml version="1.0" encoding="UTF-8"?>
<!-- Generated by org.testng.reporters.JUnitReportReporter -->
<testsuite hostname="DESKTOP-LFJBNIK" failures="0" tests="3" name="MyStoreTest.TestShopingCard" time="10.924" errors="0" timestamp="2020-04-09T23:48:39 CEST" skipped="0">
  <testcase classname="MyStoreTest.TestShopingCard" name="testSummerDressLink" time="6.332"/>
  <system-out/>
  <testcase classname="MyStoreTest.TestShopingCard" name="addToCart" time="1.559"/>
  <system-out/>
  <testcase classname="MyStoreTest.TestShopingCard" name="checkingShopingCart" time="3.033"/>
  <system-out/>
</testsuite> <!-- MyStoreTest.TestShopingCard -->
